0 info it worked if it ends with ok
1 verbose cli [ '/usr/bin/nodejs', '/usr/bin/npm', 'run', 'babel' ]
2 info using npm@3.8.6
3 info using node@v5.12.0
4 verbose run-script [ 'prebabel', 'babel', 'postbabel' ]
5 info lifecycle vuejs@1.0.0~prebabel: vuejs@1.0.0
6 silly lifecycle vuejs@1.0.0~prebabel: no script for prebabel, continuing
7 info lifecycle vuejs@1.0.0~babel: vuejs@1.0.0
8 verbose lifecycle vuejs@1.0.0~babel: unsafe-perm in lifecycle true
9 verbose lifecycle vuejs@1.0.0~babel: PATH: /usr/lib/node_modules/npm/bin/node-gyp-bin:/home/vagrant/vuejs/node_modules/.bin:/usr/bin:/home/vagrant/.composer/vendor/bin:/usr/local/sbin:/usr/local/bin:/usr/sbin:/usr/bin:/sbin:/bin:/usr/games:/usr/local/games
10 verbose lifecycle vuejs@1.0.0~babel: CWD: /home/vagrant/vuejs
11 silly lifecycle vuejs@1.0.0~babel: Args: [ '-c', 'babel src --out-dir dist' ]
12 silly lifecycle vuejs@1.0.0~babel: Returned: code: 1  signal: null
13 info lifecycle vuejs@1.0.0~babel: Failed to exec babel script
14 verbose stack Error: vuejs@1.0.0 babel: `babel src --out-dir dist`
14 verbose stack Exit status 1
14 verbose stack     at EventEmitter.<anonymous> (/usr/lib/node_modules/npm/lib/utils/lifecycle.js:239:16)
14 verbose stack     at emitTwo (events.js:100:13)
14 verbose stack     at EventEmitter.emit (events.js:185:7)
14 verbose stack     at ChildProcess.<anonymous> (/usr/lib/node_modules/npm/lib/utils/spawn.js:24:14)
14 verbose stack     at emitTwo (events.js:100:13)
14 verbose stack     at ChildProcess.emit (events.js:185:7)
14 verbose stack     at maybeClose (internal/child_process.js:850:16)
14 verbose stack     at Process.ChildProcess._handle.onexit (internal/child_process.js:215:5)
15 verbose pkgid vuejs@1.0.0
16 verbose cwd /home/vagrant/vuejs
17 error Linux 4.4.0-22-generic
18 error argv "/usr/bin/nodejs" "/usr/bin/npm" "run" "babel"
19 error node v5.12.0
20 error npm  v3.8.6
21 error code ELIFECYCLE
22 error vuejs@1.0.0 babel: `babel src --out-dir dist`
22 error Exit status 1
23 error Failed at the vuejs@1.0.0 babel script 'babel src --out-dir dist'.
23 error Make sure you have the latest version of node.js and npm installed.
23 error If you do, this is most likely a problem with the vuejs package,
23 error not with npm itself.
23 error Tell the author that this fails on your system:
23 error     babel src --out-dir dist
23 error You can get information on how to open an issue for this project with:
23 error     npm bugs vuejs
23 error Or if that isn't available, you can get their info via:
23 error     npm owner ls vuejs
23 error There is likely additional logging output above.
24 verbose exit [ 1, true ]
